C51 COMPILER V9.01   MAIN                                                                  03/04/2025 22:04:39 PAGE 1   


C51 COMPILER V9.01, COMPILATION OF MODULE MAIN
OBJECT MODULE PLACED IN main.OBJ
COMPILER INVOKED BY: E:\dianzi\C51\C51\BIN\C51.EXE main.c BROWSE DEBUG OBJECTEXTEND

line level    source

   1          /*---------------------------------------------------------------------*/
   2          /* --- STC MCU International Limited ----------------------------------*/
   3          /* --- STC 1T Series MCU Demo Programme -------------------------------*/
   4          /* --- Mobile: (86)13922805190 ----------------------------------------*/
   5          /* --- Fax: 86-0513-55012956,55012947,55012969 ------------------------*/
   6          /* --- Tel: 86-0513-55012928,55012929,55012966 ------------------------*/
   7          /* --- Web: www.GXWMCU.com --------------------------------------------*/
   8          /* --- QQ:  800003751 -------------------------------------------------*/
   9          /* 如果要在程序中使用此代码,请在程序中注明使用了宏晶科技的资料及程序   */
  10          /*---------------------------------------------------------------------*/
  11          
  12          #define         MAIN_Fosc               22118400L       //定义主时钟
  13          
  14          #include        "STC15Fxxxx.H"
  15          
  16          /*************  功能说明        **************
  17          
  18          程序使用P4.7 P4.6 P1.6 P1.7 来演示跑马灯，输出低驱动。
  19          
  20          ******************************************/
  21          
  22          void  delay_ms(u8 ms);
  23          
  24          
  25          /******************** 主函数 **************************/
  26          void main(void)
  27          {
  28   1              P0M1 = 0;       P0M0 = 0;       //设置为准双向口
  29   1              P1M1 = 0;       P1M0 = 0;       //设置为准双向口
  30   1              P2M1 = 0;       P2M0 = 0;       //设置为准双向口
  31   1              P3M1 = 0;       P3M0 = 0;       //设置为准双向口
  32   1              P4M1 = 0;       P4M0 = 0;       //设置为准双向口
  33   1              P5M1 = 0;       P5M0 = 0;       //设置为准双向口
  34   1              P6M1 = 0;       P6M0 = 0;       //设置为准双向口
  35   1              P7M1 = 0;       P7M0 = 0;       //设置为准双向口
  36   1      
  37   1              while(1)
  38   1              {
  39   2                      P17 = 0;
  40   2                      delay_ms(250);
  41   2                      delay_ms(250);
  42   2                      P17 = 1;
  43   2                      P16 = 0;
  44   2                      delay_ms(250);
  45   2                      delay_ms(250);
  46   2                      P16 = 1;
  47   2                      P47 = 0;
  48   2                      delay_ms(250);
  49   2                      delay_ms(250);
  50   2                      P47 = 1;
  51   2                      P46 = 0;
  52   2                      delay_ms(250);
  53   2                      delay_ms(250);
  54   2                      P46 = 1;
  55   2              }
C51 COMPILER V9.01   MAIN                                                                  03/04/2025 22:04:39 PAGE 2   

  56   1      }
  57          
  58          //========================================================================
  59          // 函数: void  delay_ms(u8 ms)
  60          // 描述: 延时函数。
  61          // 参数: ms,要延时的ms数, 这里只支持1~255ms. 自动适应主时钟.
  62          // 返回: none.
  63          // 版本: VER1.0
  64          // 日期: 2013-4-1
  65          // 备注: 
  66          //========================================================================
  67          void  delay_ms(u8 ms)
  68          {
  69   1           u16 i;
  70   1               do{
  71   2                    i = MAIN_Fosc / 13000;
  72   2                        while(--i)    ;   //14T per loop
  73   2           }while(--ms);
  74   1      }
  75          
  76          
  77          


MODULE INFORMATION:   STATIC OVERLAYABLE
   CODE SIZE        =    107    ----
   CONSTANT SIZE    =   ----    ----
   XDATA SIZE       =   ----    ----
   PDATA SIZE       =   ----    ----
   DATA SIZE        =   ----    ----
   IDATA SIZE       =   ----    ----
   BIT SIZE         =   ----    ----
END OF MODULE INFORMATION.


C51 COMPILATION COMPLETE.  0 WARNING(S),  0 ERROR(S)
