C51 COMPILER V9.01   MAIN                                                                  06/24/2024 21:06:04 PAGE 1   


C51 COMPILER V9.01, COMPILATION OF MODULE MAIN
OBJECT MODULE PLACED IN main.OBJ
COMPILER INVOKED BY: E:\dianzi\Keil C51\C51\BIN\C51.EXE main.c BROWSE DEBUG OBJECTEXTEND

line level    source

   1          #include <reg51.h>
   2          
   3          // 延时函数，us为延时时间（微秒）
   4          void delay_us(unsigned int us)
   5          {
   6   1          while(us--)
   7   1              ;
   8   1      }
   9          
  10          void main()
  11          {
  12   1          unsigned char i;
  13   1      
  14   1          while(1)
  15   1          {
  16   2              for(i = 0; i < 8 ;i++)
  17   2              {
  18   3                  P2 = ~(0x01 << i); // 按位取反实现流水灯
  19   3                  delay_us(50000); // 延时操作
  20   3              }
  21   2          }
  22   1      }


MODULE INFORMATION:   STATIC OVERLAYABLE
   CODE SIZE        =     40    ----
   CONSTANT SIZE    =   ----    ----
   XDATA SIZE       =   ----    ----
   PDATA SIZE       =   ----    ----
   DATA SIZE        =   ----    ----
   IDATA SIZE       =   ----    ----
   BIT SIZE         =   ----    ----
END OF MODULE INFORMATION.


C51 COMPILATION COMPLETE.  0 WARNING(S),  0 ERROR(S)
