C51 COMPILER V9.01   MAIN                                                                  05/25/2024 15:18:33 PAGE 1   


C51 COMPILER V9.01, COMPILATION OF MODULE MAIN
OBJECT MODULE PLACED IN main.OBJ
COMPILER INVOKED BY: E:\dianzi\Keil C51\C51\BIN\C51.EXE main.c BROWSE DEBUG OBJECTEXTEND

line level    source

   1          #include <REGX52.H>
   2          
   3          sbit LED1=P2^0; //将P2.0管脚定义为LED1
   4          
   5          
   6          void delay_us(unsigned int set_us)
   7          {
   8   1              while(set_us--);        
   9   1      }
  10          
  11          void main()
  12          {       
  13   1              while(1)
  14   1              {
  15   2                      LED1 = 0; // 低电平点亮
  16   2                      delay_us(50000); //大约延时450ms
  17   2      
  18   2                      LED1=1; //熄灭
  19   2                      delay_us(50000);        
  20   2              }               
  21   1      }


MODULE INFORMATION:   STATIC OVERLAYABLE
   CODE SIZE        =     31    ----
   CONSTANT SIZE    =   ----    ----
   XDATA SIZE       =   ----    ----
   PDATA SIZE       =   ----    ----
   DATA SIZE        =   ----    ----
   IDATA SIZE       =   ----    ----
   BIT SIZE         =   ----    ----
END OF MODULE INFORMATION.


C51 COMPILATION COMPLETE.  0 WARNING(S),  0 ERROR(S)
