C51 COMPILER V9.01   MAIN                                                                  05/20/2022 15:07:03 PAGE 1   


C51 COMPILER V9.01, COMPILATION OF MODULE MAIN
OBJECT MODULE PLACED IN main.OBJ
COMPILER INVOKED BY: D:\YZ\KEILC51\C51\BIN\C51.EXE main.c BROWSE DEBUG OBJECTEXTEND

line level    source

   1          /**************************************************************************************
   2          深圳市普中科技有限公司（PRECHIN 普中）
   3          技术支持：www.prechin.net
   4          
   5          实验名称：LED点阵实验(显示数字)
   6          接线说明：      
   7          实验现象：下载程序后，16*16LED点阵显示汉字“普”
   8          注意事项：                                                                                                                                                                
   9          ***************************************************************************************/
  10          #include "reg51.h"
  11          #include "intrins.h"
  12          
  13          typedef unsigned int u16;       //对系统默认数据类型进行重定义
  14          typedef unsigned char u8;
  15          
  16          //定义74HC595控制管脚
  17          sbit SRCLK=P3^6;        //移位寄存器时钟输入
  18          sbit RCLK=P3^5;         //存储寄存器时钟输入
  19          sbit SER=P3^4;          //串行数据输入
  20          
  21          
  22          //LED点阵显示汉字“普”数据
  23          u8 gled_col[32]=
  24          {0x10,0x04,0x20,0x02,0xFE,0x3F,0x20,0x02,0x24,0x12,0x28,0x0A,0xFF,0x7F,0x00,0x00,
  25          0xF8,0x0F,0x08,0x08,0x08,0x08,0xF8,0x0F,0x08,0x08,0x08,0x08,0xF8,0x0F,0x08,0x08,};
  26          //LED点阵行扫描数据
  27          u8 gled_row[32]=
  28          {0x01,0x02,0x04,0x08,0x10,0x20,0x40,0x80,0x00,0x00,0x00,0x00,0x00,0x00,0x00,0x00,
  29          0x00,0x00,0x00,0x00,0x00,0x00,0x00,0x00,0x01,0x02,0x04,0x08,0x10,0x20,0x40,0x80};
  30          
  31          /*******************************************************************************
  32          * 函 数 名       : delay_10us
  33          * 函数功能               : 延时函数，ten_us=1时，大约延时10us
  34          * 输    入       : ten_us
  35          * 输    出       : 无
  36          *******************************************************************************/
  37          void delay_10us(u16 ten_us)
  38          {
  39   1              while(ten_us--);        
  40   1      }
  41          
  42          /*******************************************************************************
  43          * 函 数 名         : hc595_write_data(u8 dat)
  44          * 函数功能                 : 向74HC595写入4个字节的数据
  45          * 输    入         : dat1：对应74HC595(A)输出第1行-第8行
  46                                                   dat2：对应74HC595(B)输出第9行-第16行
  47                                                   dat3：对应74HC595(C)输出第1列-第8列
  48                                                   dat4：对应74HC595(D)输出第9列-第16列
  49          * 输    出         : 无
  50          *******************************************************************************/
  51          void hc595_write_data(u8 dat1,u8 dat2,u8 dat3,u8 dat4)
  52          {
  53   1              u8 i=0;
  54   1              
  55   1              for(i=0;i<8;i++)//循环8次即可将一个字节写入寄存器中
C51 COMPILER V9.01   MAIN                                                                  05/20/2022 15:07:03 PAGE 2   

  56   1              {
  57   2                      SER=dat4>>7;//优先传输一个字节中的高位
  58   2                      dat4<<=1;//将低位移动到高位
  59   2                      SRCLK=0;
  60   2      //              delay_10us(1);
  61   2                      _nop_();
  62   2                      SRCLK=1;
  63   2                      _nop_();
  64   2      //              delay_10us(1);//移位寄存器时钟上升沿将端口数据送入寄存器中      
  65   2              }
  66   1              
  67   1              for(i=0;i<8;i++)
  68   1              {
  69   2                      SER=dat3>>7;
  70   2                      dat3<<=1;
  71   2                      SRCLK=0;
  72   2      //              delay_10us(1);
  73   2                      _nop_();
  74   2                      SRCLK=1;
  75   2                      _nop_();
  76   2      //              delay_10us(1);//移位寄存器时钟上升沿将端口数据送入寄存器中      
  77   2              }
  78   1      
  79   1              for(i=0;i<8;i++)
  80   1              {
  81   2                      SER=dat2>>7;
  82   2                      dat2<<=1;
  83   2                      SRCLK=0;
  84   2      //              delay_10us(1);
  85   2                      _nop_();
  86   2                      SRCLK=1;
  87   2                      _nop_();
  88   2      //              delay_10us(1);//移位寄存器时钟上升沿将端口数据送入寄存器中      
  89   2              }
  90   1      
  91   1              for(i=0;i<8;i++)
  92   1              {
  93   2                      SER=dat1>>7;
  94   2                      dat1<<=1;
  95   2                      SRCLK=0;
  96   2      //              delay_10us(1);
  97   2                      _nop_();
  98   2                      SRCLK=1;
  99   2                      _nop_();
 100   2      //              delay_10us(1);//移位寄存器时钟上升沿将端口数据送入寄存器中      
 101   2              }
 102   1      
 103   1              RCLK=1;
 104   1              delay_10us(1);
 105   1              RCLK=0;//存储寄存器时钟上升沿将前面写入到寄存器的数据输出       
 106   1      }
 107          
 108          
 109          /*******************************************************************************
 110          * 函 数 名       : main
 111          * 函数功能               : 主函数
 112          * 输    入       : 无
 113          * 输    出       : 无
 114          *******************************************************************************/
 115          void main()
 116          {       
 117   1              u8 i=0;
C51 COMPILER V9.01   MAIN                                                                  05/20/2022 15:07:03 PAGE 3   

 118   1      
 119   1              while(1)
 120   1              {                       
 121   2                      for(i=0;i<16;i++)//循环16次扫描16行、列
 122   2                      {
 123   3                              hc595_write_data(gled_row[i],gled_row[i+16],~gled_col[i*2],~gled_col[i*2+1]);//传送行列选数据
 124   3                              delay_10us(10);//延时一段时间，等待显示稳定
 125   3                              hc595_write_data(0x00,0x00,0x00,0x00);//消影    
 126   3                      }                                                               
 127   2              }               
 128   1      }


MODULE INFORMATION:   STATIC OVERLAYABLE
   CODE SIZE        =    192    ----
   CONSTANT SIZE    =   ----    ----
   XDATA SIZE       =   ----    ----
   PDATA SIZE       =   ----    ----
   DATA SIZE        =     64       4
   IDATA SIZE       =   ----    ----
   BIT SIZE         =   ----    ----
END OF MODULE INFORMATION.


C51 COMPILATION COMPLETE.  0 WARNING(S),  0 ERROR(S)
