C51 COMPILER V9.01   MAIN                                                                  06/16/2024 10:52:01 PAGE 1   


C51 COMPILER V9.01, COMPILATION OF MODULE MAIN
OBJECT MODULE PLACED IN .\output\main.obj
COMPILER INVOKED BY: E:\dianzi\Keil C51\C51\BIN\C51.EXE User\main.c LARGE BROWSE INCDIR(.\User;.\Public;.\GUI;.\APP\tftl
                    -cd;.\APP\touch) DEBUG OBJECTEXTEND PRINT(.\output\main.lst) OBJECT(.\output\main.obj)

line level    source

   1          #include "public.h"  
   2          #include "uart.h"
   3          #include "tftlcd.h"
   4          #include "gui.h"
   5          #include "picture.h"
   6          
   7          
   8          
   9          void main()
  10          {
  11   1              UART_Init();//串口初始化，方便使用printf调试
  12   1              TFTLCD_Init();//TFTLCD初始化
  13   1                      
  14   1              FRONT_COLOR = WHITE;
  15   1              LCD_ShowString(10,80,tftlcd_data.width,tftlcd_data.height,16,"0123456789");
  16   1              //LCD_ShowFontHZ(10,100,"好好好");
  17   1              LCD_ShowPicture(10,60,56,56,gImage_picture_snow);
  18   1              
  19   1              while(1)
  20   1              {
  21   2                      
  22   2              }                                       
  23   1      }


MODULE INFORMATION:   STATIC OVERLAYABLE
   CODE SIZE        =    102    ----
   CONSTANT SIZE    =  12779    ----
   XDATA SIZE       =   ----    ----
   PDATA SIZE       =   ----    ----
   DATA SIZE        =   ----    ----
   IDATA SIZE       =   ----    ----
   BIT SIZE         =   ----    ----
END OF MODULE INFORMATION.


C51 COMPILATION COMPLETE.  0 WARNING(S),  0 ERROR(S)
