C51 COMPILER V9.01   MAIN                                                                  06/13/2024 09:23:13 PAGE 1   


C51 COMPILER V9.01, COMPILATION OF MODULE MAIN
OBJECT MODULE PLACED IN main.OBJ
COMPILER INVOKED BY: E:\dianzi\Keil C51\C51\BIN\C51.EXE main.c BROWSE DEBUG OBJECTEXTEND

line level    source

   1          #include <REGX52.H>
   2          
   3          // 定义74HC165控制管脚
   4          sbit HC165_QH = P1^7; // 串行数据输出
   5          sbit HC165_CLK = P1^6; // 时钟输入
   6          sbit HC165_SHLD = P1^5; // 寄存器存储控制
   7          
   8          #define LED_PORT        P2      // LED模块控制
   9          
  10          // 延时函数
  11          void delay_10us(unsigned int ten_us)
  12          {
  13   1              while(ten_us--);        
  14   1      }
  15          
  16          // 读取数据函数
  17          // 从74HC165中读取一个字节数据
  18          unsigned char hc165_read_data(void)
  19          {
  20   1              unsigned char i = 0;
  21   1              unsigned char value = 0;
  22   1      
  23   1              HC165_SHLD = 0; // SHLD拉低，165并口数据传入到移位寄存器中
  24   1              delay_10us(5); // 短暂延时
  25   1              HC165_SHLD=1; // SHLD拉高，禁止165并口数据传入到移位寄存器中
  26   1      
  27   1              for(i = 0; i < 8; i++) // 循环8次读取一个字节
  28   1              {
  29   2                      value <<= 1; // 左移1位，先读取的数据是高位，经过8次循环则将第一次读取的位放到字节高位
  30   2                      HC165_CLK = 0; // CLK INH为低电平开始读取数据
  31   2                      delay_10us(5);
  32   2      
  33   2                      value |= HC165_QH;
  34   2                      HC165_CLK = 1;//上升沿读取数据
  35   2                      delay_10us(5);                          
  36   2              }       
  37   1              return value;   
  38   1      }
  39          
  40          void main()
  41          {       
  42   1              unsigned char value = 0;
  43   1      
  44   1              LED_PORT = 0xff; // 保证LED默认是熄灭的
  45   1              while(1)
  46   1              {               
  47   2                      value = hc165_read_data();
  48   2                      if(value != 0xff)
  49   2                              LED_PORT = value;                                                               
  50   2              }               
  51   1      }


MODULE INFORMATION:   STATIC OVERLAYABLE
   CODE SIZE        =     75    ----
C51 COMPILER V9.01   MAIN                                                                  06/13/2024 09:23:13 PAGE 2   

   CONSTANT SIZE    =   ----    ----
   XDATA SIZE       =   ----    ----
   PDATA SIZE       =   ----    ----
   DATA SIZE        =   ----    ----
   IDATA SIZE       =   ----    ----
   BIT SIZE         =   ----    ----
END OF MODULE INFORMATION.


C51 COMPILATION COMPLETE.  0 WARNING(S),  0 ERROR(S)
