C51 COMPILER V9.01   MAIN                                                                  05/27/2024 15:15:04 PAGE 1   


C51 COMPILER V9.01, COMPILATION OF MODULE MAIN
OBJECT MODULE PLACED IN main.OBJ
COMPILER INVOKED BY: E:\dianzi\Keil C51\C51\BIN\C51.EXE main.c BROWSE DEBUG OBJECTEXTEND

line level    source

   1          #include <REGX52.H>
   2          
   3          sbit BEEP = P2^5;       //将P2.5管脚定义为BEEP-即蜂鸣器
   4          
   5          // 延时函数-已经很熟悉了，不必解释
   6          void delay_us(unsigned int ten_us)
   7          {
   8   1              while(ten_us--);        
   9   1      }
  10          
  11          
  12          void main()
  13          {
  14   1              unsigned int i;
  15   1      
  16   1              BEEP = 0; // 初始化时关闭蜂鸣器
  17   1      
  18   1              for(i = 0; i < 1000; i++)
  19   1              {
  20   2                      BEEP = !BEEP; // 切换蜂鸣器状态
  21   2                      delay_us(500);
  22   2              }
  23   1      
  24   1              BEEP = 0; // 循环结束关闭蜂鸣器
  25   1      
  26   1              while(1); // 维持程序继续运行
  27   1      
  28   1      }


MODULE INFORMATION:   STATIC OVERLAYABLE
   CODE SIZE        =     40    ----
   CONSTANT SIZE    =   ----    ----
   XDATA SIZE       =   ----    ----
   PDATA SIZE       =   ----    ----
   DATA SIZE        =   ----    ----
   IDATA SIZE       =   ----    ----
   BIT SIZE         =   ----    ----
END OF MODULE INFORMATION.


C51 COMPILATION COMPLETE.  0 WARNING(S),  0 ERROR(S)
