C51 COMPILER V9.01   MAIN                                                                  06/08/2024 12:45:07 PAGE 1   


C51 COMPILER V9.01, COMPILATION OF MODULE MAIN
OBJECT MODULE PLACED IN main.OBJ
COMPILER INVOKED BY: E:\dianzi\Keil C51\C51\BIN\C51.EXE main.c BROWSE DEBUG OBJECTEXTEND

line level    source

   1          #include <REGX52.H>
   2          
   3          //定义LED1管脚
   4          sbit LED1 = P2^0;
   5          
   6          //定义独立按键K3控制脚
   7          sbit KEY3=P3^2;
   8          
   9          // 延时函数
  10          void delay_10us(unsigned int ten_us)
  11          {
  12   1              while(ten_us--);        
  13   1      }
  14          
  15          // 外部中断0配置函数
  16          void exti0_init()
  17          {
  18   1              IT0=1; 
  19   1              EX0=1;
  20   1              EA=1;
  21   1      }
  22          
  23          void exti0() interrupt 0  // 外部中断0中断函数
  24          {
  25   1              delay_10us(1000); // 消抖
  26   1      
  27   1              if(KEY3 == 0) // 判断K3键是否按下
  28   1                      LED1=!LED1; // LED1状态翻转                                     
  29   1      }
  30          void main()
  31          {       
  32   1              exti0_init();//外部中断0配置
  33   1      
  34   1              while(1)
  35   1              {                       
  36   2                                                              
  37   2              }               
  38   1      }
  39          


MODULE INFORMATION:   STATIC OVERLAYABLE
   CODE SIZE        =     59    ----
   CONSTANT SIZE    =   ----    ----
   XDATA SIZE       =   ----    ----
   PDATA SIZE       =   ----    ----
   DATA SIZE        =   ----    ----
   IDATA SIZE       =   ----    ----
   BIT SIZE         =   ----    ----
END OF MODULE INFORMATION.


C51 COMPILATION COMPLETE.  0 WARNING(S),  0 ERROR(S)
