C51 COMPILER V9.01   MAIN                                                                  06/10/2024 16:35:02 PAGE 1   


C51 COMPILER V9.01, COMPILATION OF MODULE MAIN
OBJECT MODULE PLACED IN main.OBJ
COMPILER INVOKED BY: E:\dianzi\Keil C51\C51\BIN\C51.EXE main.c BROWSE DEBUG OBJECTEXTEND

line level    source

   1          #include <REGX52.H>
   2          
   3          // 配置串口通信初始化
   4          void uart_init(unsigned int baud)
   5          {
   6   1              TMOD |= 0X20; // 设置计数器工作方式2
   7   1              SCON = 0X50; // 设置为工作方式1
   8   1              PCON = 0X80; // 波特率加倍
   9   1              TH1 = baud; // 计数器初始值设置
  10   1              TL1 = baud;
  11   1      
  12   1              // 配置中断
  13   1              ES = 1; // 打开接收中断
  14   1              EA = 1; // 打开总中断
  15   1              TR1 =1 ; //打开计数器           
  16   1      }
  17          
  18          
  19          void uart() interrupt 4 //串口通信中断函数
  20          {
  21   1              unsigned int rec_data; // 接收到的数据
  22   1                                                                                        
  23   1              RI = 0; // 清除接收中断标志位
  24   1      
  25   1              rec_data = SBUF; // 存储接收到的数据
  26   1              SBUF = rec_data; // 将接收到的数据放入到发送寄存器
  27   1      
  28   1              while(!TI);     // 等待发送数据完成
  29   1              TI = 0; // 清除发送完成标志位                           
  30   1      }
  31          
  32          void main()
  33          {       
  34   1              uart_init(0XFA); // 波特率为9600
  35   1      
  36   1              while(1)
  37   1              {                       
  38   2                                                              
  39   2              }               
  40   1      }


MODULE INFORMATION:   STATIC OVERLAYABLE
   CODE SIZE        =     52    ----
   CONSTANT SIZE    =   ----    ----
   XDATA SIZE       =   ----    ----
   PDATA SIZE       =   ----    ----
   DATA SIZE        =   ----    ----
   IDATA SIZE       =   ----    ----
   BIT SIZE         =   ----    ----
END OF MODULE INFORMATION.


C51 COMPILATION COMPLETE.  0 WARNING(S),  0 ERROR(S)
