C51 COMPILER V9.01   PUBLIC                                                                06/20/2024 09:01:05 PAGE 1   


C51 COMPILER V9.01, COMPILATION OF MODULE PUBLIC
OBJECT MODULE PLACED IN .\Obj\public.obj
COMPILER INVOKED BY: E:\dianzi\Keil C51\C51\BIN\C51.EXE Public\public.c BROWSE INCDIR(.\App\24c02;.\App\iic;.\App\key;.\
                    -App\smg;.\Public;.\App\ds18b20;.\App\ds1302;.\App\ired;.\App\time) DEBUG OBJECTEXTEND PRINT(.\Obj\public.lst) OBJECT(.\O
                    -bj\public.obj)

line level    source

   1          #include "public.h"
   2          
   3          void delay_10us(unsigned int ten_us)
   4          {
   5   1              while(ten_us--);        
   6   1      }
   7          
   8          /*void delay_ms(unsigned int ms)
   9          {
  10                  unsigned int i,j;
  11                  for(i=ms;i>0;i--)
  12                          for(j=110;j>0;j--);
  13          }        */


MODULE INFORMATION:   STATIC OVERLAYABLE
   CODE SIZE        =     11    ----
   CONSTANT SIZE    =   ----    ----
   XDATA SIZE       =   ----    ----
   PDATA SIZE       =   ----    ----
   DATA SIZE        =   ----    ----
   IDATA SIZE       =   ----    ----
   BIT SIZE         =   ----    ----
END OF MODULE INFORMATION.


C51 COMPILATION COMPLETE.  0 WARNING(S),  0 ERROR(S)
