C51 COMPILER V9.01   MAIN                                                                  05/29/2024 13:17:53 PAGE 1   


C51 COMPILER V9.01, COMPILATION OF MODULE MAIN
OBJECT MODULE PLACED IN main.OBJ
COMPILER INVOKED BY: E:\dianzi\Keil C51\C51\BIN\C51.EXE main.c BROWSE DEBUG OBJECTEXTEND

line level    source

   1          #include <REGX52.H>
   2          
   3          #define SMG P0 // 使用宏定义数码管
   4          
   5          // 共阴极数码管显示0~F的段码数据
   6          unsigned char smg_code[17] = {0x3f,0x06,0x5b,0x4f,0x66,0x6d,0x7d,0x07,
   7                                          0x7f,0x6f,0x77,0x7c,0x39,0x5e,0x79,0x71};
   8          
   9          void main()
  10          {
  11   1          SMG =~ smg_code[0]; // 对共阴极数码管段码取反，就是阳极的了
  12   1          while(1)
  13   1              {
  14   2          
  15   2              }
  16   1      }
  17          


MODULE INFORMATION:   STATIC OVERLAYABLE
   CODE SIZE        =      7    ----
   CONSTANT SIZE    =   ----    ----
   XDATA SIZE       =   ----    ----
   PDATA SIZE       =   ----    ----
   DATA SIZE        =     17    ----
   IDATA SIZE       =   ----    ----
   BIT SIZE         =   ----    ----
END OF MODULE INFORMATION.


C51 COMPILATION COMPLETE.  0 WARNING(S),  0 ERROR(S)
