C51 COMPILER V9.01   MAIN                                                                  06/25/2024 10:20:00 PAGE 1   


C51 COMPILER V9.01, COMPILATION OF MODULE MAIN
OBJECT MODULE PLACED IN main.OBJ
COMPILER INVOKED BY: E:\dianzi\Keil C51\C51\BIN\C51.EXE main.c BROWSE DEBUG OBJECTEXTEND

line level    source

   1          #include <REGX52.H>
   2          
   3          // 定义数码管段码口
   4          #define SMG P0 
   5          
   6          // 定义数码管位选信号控制脚
   7          sbit LSA = P2^2;
   8          sbit LSB = P2^3;
   9          sbit LSC = P2^4;
  10          
  11          // 共阴极数码管显示 0~F 的段码数据
  12          unsigned char gsmg_code[16] = 
  13          {
  14              0x3f,  // 0
  15              0x06,  // 1
  16              0x5b,  // 2
  17              0x4f,  // 3
  18              0x66,  // 4
  19              0x6d,  // 5
  20              0x7d,  // 6
  21              0x07,  // 7
  22              0x7f,  // 8
  23              0x6f,  // 9
  24              0x77,  // A
  25              0x7c,  // B
  26              0x39,  // C
  27              0x5e,  // D
  28              0x79,  // E
  29              0x71   // F
  30          };
  31          
  32          // 延时函数，延时十微秒
  33          void delay_us(unsigned int ten_us) 
  34          {
  35   1          while(ten_us--);
  36   1      } 
  37          
  38          // 数码管显示函数
  39          void smg_display() 
  40          {
  41   1          unsigned int i = 0;
  42   1          for(i = 0; i < 8; i++) 
  43   1              {       
  44   2              // 设置位选信号
  45   2              switch(7 - i) 
  46   2                      {
  47   3                  case 0: 
  48   3                      LSC = 1; LSB = 1; LSA = 1;
  49   3                      break;
  50   3                  case 1: 
  51   3                      LSC = 1; LSB = 1; LSA = 0;
  52   3                      break;
  53   3                  case 2:     
  54   3                      LSC = 1; LSB = 0; LSA = 1;
  55   3                      break;
C51 COMPILER V9.01   MAIN                                                                  06/25/2024 10:20:00 PAGE 2   

  56   3                  case 3: 
  57   3                      LSC = 1; LSB = 0; LSA = 0;
  58   3                      break;
  59   3                  case 4: 
  60   3                      LSC = 0; LSB = 1; LSA = 1;
  61   3                      break;
  62   3                  case 5: 
  63   3                      LSC = 0; LSB = 1; LSA = 0;
  64   3                      break;
  65   3                  case 6: 
  66   3                      LSC = 0; LSB = 0; LSA = 1;
  67   3                      break;
  68   3                  case 7:     
  69   3                      LSC = 0; LSB = 0; LSA = 0;
  70   3                      break;
  71   3              }
  72   2              
  73   2              // 传送段选数据并延时
  74   2              SMG = gsmg_code[i]; 
  75   2              delay_us(100); 
  76   2              // 消隐
  77   2              SMG = 0x00; 
  78   2          }
  79   1      }
  80          
  81          // 主函数
  82          void main() 
  83          {
  84   1          while(1) 
  85   1              {
  86   2              smg_display(); // 循环显示数码管
  87   2          }
  88   1      }


MODULE INFORMATION:   STATIC OVERLAYABLE
   CODE SIZE        =    141    ----
   CONSTANT SIZE    =   ----    ----
   XDATA SIZE       =   ----    ----
   PDATA SIZE       =   ----    ----
   DATA SIZE        =     16    ----
   IDATA SIZE       =   ----    ----
   BIT SIZE         =   ----    ----
END OF MODULE INFORMATION.


C51 COMPILATION COMPLETE.  0 WARNING(S),  0 ERROR(S)
