C51 COMPILER V9.54   UART                                                                  08/25/2024 09:43:04 PAGE 1   


C51 COMPILER V9.54, COMPILATION OF MODULE UART
OBJECT MODULE PLACED IN .\output\uart.obj
COMPILER INVOKED BY: E:\dianzi\KEILC51\C51\BIN\C51.EXE Public\uart.c LARGE OPTIMIZE(8,SPEED) BROWSE INCDIR(.\User;.\Publ
                    -ic;.\GUI;.\APP\tftlcd;.\APP\touch) DEBUG OBJECTEXTEND PRINT(.\output\uart.lst) TABS(2) OBJECT(.\output\uart.obj)

line level    source

   1          #include "uart.h"
   2          
   3          #define RELOAD_COUNT 0xFA //宏定义波特率发生器的载入值 9600
   4          
   5          void UART_Init(void)
   6          {
   7   1        SCON=0X50;      //设置为工作方式1
   8   1        TMOD=0X20;      //设置计数器工作方式2
   9   1        PCON=0X80;      //波特率加倍
  10   1        TH1=RELOAD_COUNT; //计数器初始值设置
  11   1        TL1=TH1;
  12   1        //ES=1;       //关闭接收中断
  13   1        EA=1;       //打开总中断
  14   1        TR1=1;        //打开计数器
  15   1        TI=1;          //发送中断标记位，如果使用printf函数的必须设置 
  16   1      }
  17          
  18          void UART_Cmd(FunctionalState ensta)
  19          {
  20   1        ES=ensta; 
  21   1      }
  22          
  23          void UART_SendData(u8 dat)
  24          {
  25   1        ES=0; //关闭串口中断
  26   1        TI=0; //清发送完毕中断请求标志位
  27   1        SBUF=dat; //发送
  28   1        while(TI==0); //等待发送完毕
  29   1        TI=0; //清发送完毕中断请求标志位
  30   1        ES=1; //允许串口中断
  31   1      }
  32          
  33          void UART_SendString(u8 *pbuf)
  34          {
  35   1        while(*pbuf!='\0') //遇到空格跳出循环 
  36   1        {
  37   2          UART_SendData(*pbuf);
  38   2          delay_10us(5);
  39   2          pbuf++; 
  40   2        }
  41   1      }
  42          
  43          u8 UART_RX_BUF[UART_REC_LEN];     //接收缓冲,最大UART_REC_LEN个字节.
  44          //接收状态
  45          //bit15， 接收完成标志
  46          //bit14， 接收到0x0d
  47          //bit13~0， 接收到的有效字节数目
  48          u16 UART_RX_STA=0;       //接收状态标记 
  49          
  50          
  51          void UART_IRQn() interrupt 4
  52          {
  53   1        u8 r;
  54   1        
C51 COMPILER V9.54   UART                                                                  08/25/2024 09:43:04 PAGE 2   

  55   1        if(RI)
  56   1        {
  57   2          RI=0;
  58   2          r=SBUF;//读取接收到的数据
  59   2          if((UART_RX_STA&0x8000)==0)//接收未完成
  60   2          {
  61   3            if(UART_RX_STA&0x4000)//接收到了0x0d
  62   3            {
  63   4              if(r!=0x0a)UART_RX_STA=0;//接收错误,重新开始
  64   4              else UART_RX_STA|=0x8000; //接收完成了 
  65   4            }
  66   3            else //还没收到0X0D
  67   3            { 
  68   4              if(r==0x0d)UART_RX_STA|=0x4000;
  69   4              else
  70   4              {
  71   5                UART_RX_BUF[UART_RX_STA&0X3FFF]=r ;
  72   5                UART_RX_STA++;
  73   5                if(UART_RX_STA>(UART_REC_LEN-1))UART_RX_STA=0;//接收数据错误,重新开始接收   
  74   5              }    
  75   4            }
  76   3          }       
  77   2        } 
  78   1      }
  79          


MODULE INFORMATION:   STATIC OVERLAYABLE
   CODE SIZE        =    228    ----
   CONSTANT SIZE    =   ----    ----
   XDATA SIZE       =     52       3
   PDATA SIZE       =   ----    ----
   DATA SIZE        =   ----    ----
   IDATA SIZE       =   ----    ----
   BIT SIZE         =   ----    ----
END OF MODULE INFORMATION.


C51 COMPILATION COMPLETE.  0 WARNING(S),  0 ERROR(S)
