C51 COMPILER V9.01   MAIN                                                                  06/13/2024 08:49:38 PAGE 1   


C51 COMPILER V9.01, COMPILATION OF MODULE MAIN
OBJECT MODULE PLACED IN main.OBJ
COMPILER INVOKED BY: E:\dianzi\Keil C51\C51\BIN\C51.EXE main.c BROWSE DEBUG OBJECTEXTEND

line level    source

   1          #include <REGX52.H>
   2          
   3          //定义继电器控制管脚
   4          sbit Relay = P1^4;
   5          
   6          #define RELAY_OEPN_TIME 5000    //定义继电器吸合时间为5000ms
   7          
   8          // 延时函数
   9          void delay_ms(unsigned int ms)
  10          {
  11   1              unsigned int i,j;
  12   1              for(i=ms;i>0;i--)
  13   1                      for(j=110;j>0;j--);
  14   1      }
  15          
  16          void main()
  17          {       
  18   1              Relay = 0; // 继电器吸合
  19   1              delay_ms(RELAY_OEPN_TIME); // 延时
  20   1              Relay = 1; // 继电器断开
  21   1              while(1)
  22   1              {                       
  23   2                                                                      
  24   2              }               
  25   1      }


MODULE INFORMATION:   STATIC OVERLAYABLE
   CODE SIZE        =     43    ----
   CONSTANT SIZE    =   ----    ----
   XDATA SIZE       =   ----    ----
   PDATA SIZE       =   ----    ----
   DATA SIZE        =   ----    ----
   IDATA SIZE       =   ----    ----
   BIT SIZE         =   ----    ----
END OF MODULE INFORMATION.


C51 COMPILATION COMPLETE.  0 WARNING(S),  0 ERROR(S)
