C51 COMPILER V9.01   MAIN                                                                  06/04/2024 19:58:56 PAGE 1   


C51 COMPILER V9.01, COMPILATION OF MODULE MAIN
OBJECT MODULE PLACED IN main.OBJ
COMPILER INVOKED BY: E:\dianzi\Keil C51\C51\BIN\C51.EXE main.c BROWSE DEBUG OBJECTEXTEND

line level    source

   1          /**************************************************************************************
   2          深圳市普中科技有限公司（PRECHIN 普中）
   3          技术支持：www.prechin.net
   4          
   5          实验名称：LED点阵实验(点亮一个点)
   6          接线说明：      
   7          实验现象：下载程序后，16*16LED点阵点亮左上角第一个点
   8          注意事项：                                                                                                                                                                
   9          ***************************************************************************************/
  10          #include "reg51.h"
  11          
  12          typedef unsigned int u16;       //对系统默认数据类型进行重定义
  13          typedef unsigned char u8;
  14          
  15          //定义74HC595控制管脚
  16          sbit SRCLK=P3^6;        //移位寄存器时钟输入
  17          sbit RCLK=P3^5;         //存储寄存器时钟输入
  18          sbit SER=P3^4;          //串行数据输入
  19          
  20          
  21          
  22          /*******************************************************************************
  23          * 函 数 名       : delay_10us
  24          * 函数功能               : 延时函数，ten_us=1时，大约延时10us
  25          * 输    入       : ten_us
  26          * 输    出       : 无
  27          *******************************************************************************/
  28          void delay_10us(u16 ten_us)
  29          {
  30   1              while(ten_us--);        
  31   1      }
  32          
  33          /*******************************************************************************
  34          * 函 数 名         : hc595_write_data(u8 dat)
  35          * 函数功能                 : 向74HC595写入4个字节的数据
  36          * 输    入         : dat1：对应74HC595(A)输出第1行-第8行
  37                                                   dat2：对应74HC595(B)输出第9行-第16行
  38                                                   dat3：对应74HC595(C)输出第1列-第8列
  39                                                   dat4：对应74HC595(D)输出第9列-第16列
  40          * 输    出         : 无
  41          *******************************************************************************/
  42          void hc595_write_data(u8 dat1,u8 dat2,u8 dat3,u8 dat4)
  43          {
  44   1              u8 i=0;
  45   1              
  46   1              for(i=0;i<8;i++)//循环8次即可将一个字节写入寄存器中
  47   1              {
  48   2                      SER=dat4>>7;//优先传输一个字节中的高位
  49   2                      dat4<<=1;//将低位移动到高位
  50   2                      SRCLK=0;
  51   2                      delay_10us(1);
  52   2                      SRCLK=1;
  53   2                      delay_10us(1);//移位寄存器时钟上升沿将端口数据送入寄存器中      
  54   2              }
  55   1              
C51 COMPILER V9.01   MAIN                                                                  06/04/2024 19:58:56 PAGE 2   

  56   1              for(i=0;i<8;i++)
  57   1              {
  58   2                      SER=dat3>>7;
  59   2                      dat3<<=1;
  60   2                      SRCLK=0;
  61   2                      delay_10us(1);
  62   2                      SRCLK=1;
  63   2                      delay_10us(1);  
  64   2              }
  65   1      
  66   1              for(i=0;i<8;i++)
  67   1              {
  68   2                      SER=dat2>>7;
  69   2                      dat2<<=1;
  70   2                      SRCLK=0;
  71   2                      delay_10us(1);
  72   2                      SRCLK=1;
  73   2                      delay_10us(1);  
  74   2              }
  75   1      
  76   1              for(i=0;i<8;i++)
  77   1              {
  78   2                      SER=dat1>>7;
  79   2                      dat1<<=1;
  80   2                      SRCLK=0;
  81   2                      delay_10us(1);
  82   2                      SRCLK=1;
  83   2                      delay_10us(1);  
  84   2              }
  85   1      
  86   1              RCLK=0;
  87   1              delay_10us(1);
  88   1              RCLK=1;//存储寄存器时钟上升沿将前面写入到寄存器的数据输出       
  89   1      }
  90          
  91          
  92          /*******************************************************************************
  93          * 函 数 名       : main
  94          * 函数功能               : 主函数
  95          * 输    入       : 无
  96          * 输    出       : 无
  97          *******************************************************************************/
  98          void main()
  99          {       
 100   1              u8 i=0;
 101   1      
 102   1              while(1)
 103   1              {                       
 104   2                      hc595_write_data(0x01,0x00,0xfe,0xff);//将LED点阵上边第一行设置为1，即LED阳极为高电平，其余行为0，即低电
             -平                                                                
 105   2              }               
 106   1      }


MODULE INFORMATION:   STATIC OVERLAYABLE
   CODE SIZE        =    152    ----
   CONSTANT SIZE    =   ----    ----
   XDATA SIZE       =   ----    ----
   PDATA SIZE       =   ----    ----
   DATA SIZE        =   ----       5
   IDATA SIZE       =   ----    ----
   BIT SIZE         =   ----    ----
C51 COMPILER V9.01   MAIN                                                                  06/04/2024 19:58:56 PAGE 3   

END OF MODULE INFORMATION.


C51 COMPILATION COMPLETE.  0 WARNING(S),  0 ERROR(S)
